<?xml version="1.0" encoding="UTF-8"?>
<!-- Generated by org.testng.reporters.JUnitReportReporter -->
<testsuite skipped="0" hostname="Mds-MacBook-Pro.local" name="com.bit.ui.test.SmokeTest" tests="1" failures="0" timestamp="07 Sep 2019 03:45:44 GMT" time="0.017" errors="0">
  <testcase name="test6" time="0.017" classname="com.bit.ui.test.SmokeTest"/>
</testsuite> <!-- com.bit.ui.test.SmokeTest -->
