<?xml version="1.0" encoding="UTF-8"?>
<!-- Generated by org.testng.reporters.JUnitReportReporter -->
<testsuite skipped="0" hostname="mds-macbook-pro.lan" name="com.bit.ui.test.RegresstonTest" tests="2" failures="0" timestamp="04 Sep 2019 19:06:19 GMT" time="0.024" errors="0">
  <testcase name="test3" time="0.003" classname="com.bit.ui.test.RegresstonTest"/>
  <testcase name="test2" time="0.021" classname="com.bit.ui.test.RegresstonTest"/>
</testsuite> <!-- com.bit.ui.test.RegresstonTest -->
